<?xml version="1.0" encoding="UTF-8"?>
<!-- Generated by org.testng.reporters.JUnitReportReporter -->
<testsuite hostname="LAPTOP-R6TDFR8C" name="testCase.TC_LoginTest_001" tests="1" failures="0" timestamp="2 Jun 2020 08:09:12 GMT" time="4.185" errors="0">
  <testcase name="loginTest" time="4.185" classname="testCase.TC_LoginTest_001"/>
</testsuite> <!-- testCase.TC_LoginTest_001 -->
