<?xml version="1.0" encoding="UTF-8"?>
<!-- Generated by org.testng.reporters.JUnitReportReporter -->
<testsuite hostname="LAPTOP-R6TDFR8C" name="testCase.horse" tests="1" failures="0" timestamp="1 Jun 2020 10:09:56 GMT" time="17.583" errors="0">
  <testcase name="monkey" time="17.583" classname="testCase.horse"/>
</testsuite> <!-- testCase.horse -->
