<?xml version="1.0" encoding="UTF-8"?>
<!-- Generated by org.testng.reporters.JUnitReportReporter -->
<testsuite hostname="LAPTOP-R6TDFR8C" name="testCase.TC_LoginTest_001" tests="1" failures="0" timestamp="4 Jun 2020 17:04:16 GMT" time="19.634" errors="0">
  <testcase name="loginTest" time="19.634" classname="testCase.TC_LoginTest_001"/>
</testsuite> <!-- testCase.TC_LoginTest_001 -->
